<?xml version="1.0" encoding="UTF-8"?>
<testng-results skipped="0" failed="0" ignored="0" total="1" passed="1">
  <reporter-output>
  </reporter-output>
  <suite name="cucumberOptions.TestRunner" duration-ms="36457" started-at="2021-09-05T01:00:58 IST" finished-at="2021-09-05T01:01:35 IST">
    <groups>
      <group name="cucumber">
        <method signature="AbstractTestNGCucumberTests.runScenario(io.cucumber.testng.PickleWrapper,io.cucumber.testng.FeatureWrapper)[pri:0, instance:cucumberOptions.TestRunner@3a5ed7a6]" name="runScenario" class="io.cucumber.testng.AbstractTestNGCucumberTests"/>
      </group> <!-- cucumber -->
    </groups>
    <test name="Command line test" duration-ms="36457" started-at="2021-09-05T01:00:58 IST" finished-at="2021-09-05T01:01:35 IST">
      <class name="cucumberOptions.TestRunner">
        <test-method status="PASS" signature="setUpClass()[pri:0, instance:cucumberOptions.TestRunner@3a5ed7a6]" name="setUpClass" is-config="true" duration-ms="367" started-at="2021-09-05T01:00:58 IST" finished-at="2021-09-05T01:00:59 IST">
          <reporter-output>
          </reporter-output>
        </test-method> <!-- setUpClass -->
        <test-method status="PASS" signature="runScenario(io.cucumber.testng.PickleWrapper,io.cucumber.testng.FeatureWrapper)[pri:0, instance:cucumberOptions.TestRunner@3a5ed7a6]" name="runScenario" duration-ms="35978" started-at="2021-09-05T01:00:59 IST" description="Runs Cucumber Scenarios" data-provider="scenarios" finished-at="2021-09-05T01:01:35 IST">
          <params>
            <param index="0">
              <value>
                <![CDATA["Verify the Flight Booking Functionality based on User requirement"]]>
              </value>
            </param>
            <param index="1">
              <value>
                <![CDATA["Optional[Flight Booking]"]]>
              </value>
            </param>
          </params>
          <reporter-output>
          </reporter-output>
        </test-method> <!-- runScenario -->
        <test-method status="PASS" signature="tearDownClass()[pri:0, instance:cucumberOptions.TestRunner@3a5ed7a6]" name="tearDownClass" is-config="true" duration-ms="74" started-at="2021-09-05T01:01:35 IST" finished-at="2021-09-05T01:01:35 IST">
          <reporter-output>
          </reporter-output>
        </test-method> <!-- tearDownClass -->
      </class> <!-- cucumberOptions.TestRunner -->
    </test> <!-- Command line test -->
  </suite> <!-- cucumberOptions.TestRunner -->
</testng-results>
